SF:lib\common\utils.dart
DA:5,2
DA:6,1
LF:2
LH:2
end_of_record
SF:lib\model\validation_text_model.dart
DA:4,3
DA:9,2
DA:10,1
DA:11,1
DA:14,1
DA:15,3
LF:6
LH:6
end_of_record
SF:lib\model\todo_model.dart
DA:9,2
DA:16,2
DA:28,2
DA:30,1
DA:36,1
DA:37,1
DA:38,1
DA:39,1
DA:40,1
DA:43,0
DA:44,0
DA:46,1
DA:47,1
DA:49,2
LF:14
LH:12
end_of_record
SF:lib\model\todo_model.g.dart
DA:9,2
DA:10,1
DA:11,1
DA:12,2
DA:13,1
DA:16,1
DA:17,1
DA:19,1
DA:21,1
DA:25,2
DA:26,2
DA:27,3
DA:28,2
LF:13
LH:13
end_of_record
SF:lib\repository\todo_repository.dart
DA:15,1
DA:19,0
DA:20,0
DA:22,1
DA:23,2
DA:26,3
DA:29,1
DA:30,2
LF:8
LH:6
end_of_record
SF:lib\service\todo_service.dart
DA:7,1
DA:13,1
DA:14,1
DA:15,1
DA:16,1
DA:18,0
DA:19,0
DA:20,0
DA:25,1
DA:26,2
DA:27,3
DA:29,1
DA:30,1
DA:31,1
DA:34,1
DA:37,1
DA:38,1
DA:39,2
DA:40,1
DA:41,2
DA:42,2
DA:44,5
DA:48,1
DA:49,5
LF:24
LH:21
end_of_record
SF:lib\common\extension.dart
DA:7,0
DA:8,0
DA:10,0
DA:11,0
DA:13,0
DA:15,0
DA:17,0
DA:21,2
DA:25,0
DA:26,0
DA:27,0
DA:35,0
DA:36,0
DA:40,0
DA:41,0
DA:45,0
DA:46,0
DA:47,0
DA:54,1
DA:55,1
DA:56,1
DA:57,2
DA:58,1
LF:23
LH:6
end_of_record